<?xml version="1.0" encoding="UTF-8"?>
<testsuite name="fizz_buzz.FizzBuzzTest" tests="2" skipped="0" failures="0" errors="0" timestamp="2020-07-19T18:35:11" hostname="WECANCODEIT-105" time="0.117">
  <properties/>
  <testcase name="whenGiven2FizzBuzzSays2()" classname="fizz_buzz.FizzBuzzTest" time="0.109"/>
  <testcase name="whenGiven1FizzBuzzSays1()" classname="fizz_buzz.FizzBuzzTest" time="0.005"/>
  <system-out><![CDATA[]]></system-out>
  <system-err><![CDATA[]]></system-err>
</testsuite>
