<?xml version="1.0" encoding="UTF-8"?>
<testsuite name="fizz_buzz.FizzBuzzTest" tests="1" skipped="0" failures="0" errors="0" timestamp="2020-07-19T18:38:49" hostname="WECANCODEIT-105" time="0.096">
  <properties/>
  <testcase name="whenGiven4FizzBuzzSays4()" classname="fizz_buzz.FizzBuzzTest" time="0.096"/>
  <system-out><![CDATA[]]></system-out>
  <system-err><![CDATA[]]></system-err>
</testsuite>
