<?xml version="1.0" encoding="UTF-8"?>
<testsuite name="triangles.TrianglesTest" tests="5" skipped="0" failures="0" errors="0" timestamp="2020-07-19T19:41:39" hostname="WECANCODEIT-105" time="0.123">
  <properties/>
  <testcase name="threeEqualSidesIsAnEquilateralTriangle()" classname="triangles.TrianglesTest" time="0.111"/>
  <testcase name="aSquaredPlusBSquaredEqualsRightTriangle()" classname="triangles.TrianglesTest" time="0.002"/>
  <testcase name="twoEqualSidesIsAnIsoscelesTriangle()" classname="triangles.TrianglesTest" time="0.001"/>
  <testcase name="notATriangleAtAll()" classname="triangles.TrianglesTest" time="0.001"/>
  <testcase name="ifNotOthersThenIsScaleneTriangle()" classname="triangles.TrianglesTest" time="0.003"/>
  <system-out><![CDATA[]]></system-out>
  <system-err><![CDATA[]]></system-err>
</testsuite>
